<?xml version="1.0" encoding="UTF-8"?>
<!-- Generated by org.testng.reporters.JUnitReportReporter -->
<testsuite hostname="DESKTOP-AJ9TNH1" failures="0" tests="2" name="tests.SelectCurrencyTest" time="1.849" errors="0" timestamp="2023-07-30T02:05:46 EET" skipped="0">
  <testcase classname="tests.SelectCurrencyTest" name="CanChangeCurrency" time="0.710"/>
  <system-out/>
  <testcase classname="tests.SelectCurrencyTest" name="UsercanSearch" time="1.139"/>
  <system-out/>
</testsuite> <!-- tests.SelectCurrencyTest -->
