<?xml version="1.0" encoding="UTF-8"?>
<!-- Generated by org.testng.reporters.JUnitReportReporter -->
<testsuite hostname="DESKTOP-AJ9TNH1" failures="0" tests="3" name="tests.UserRegestrationTest" time="4.046" errors="0" timestamp="2023-07-30T02:05:46 EET" skipped="0">
  <testcase classname="tests.UserRegestrationTest" name="RegisteredUserCanLogin" time="1.225"/>
  <system-out/>
  <testcase classname="tests.UserRegestrationTest" name="RegisteredUserCanLogout" time="0.660"/>
  <system-out/>
  <testcase classname="tests.UserRegestrationTest" name="UserCanRegSucc" time="2.161"/>
  <system-out/>
</testsuite> <!-- tests.UserRegestrationTest -->
