<?xml version="1.0" encoding="UTF-8"?>
<!-- Generated by org.testng.reporters.JUnitReportReporter -->
<testsuite hostname="DESKTOP-AJ9TNH1" failures="0" tests="3" name="tests.MyaccountTest" time="3.630" errors="0" timestamp="2023-07-30T02:05:46 EET" skipped="0">
  <testcase classname="tests.MyaccountTest" name="UserCanRegSucc" time="1.146"/>
  <system-out/>
  <testcase classname="tests.MyaccountTest" name="RegisteredUserCanLogin" time="1.107"/>
  <system-out/>
  <testcase classname="tests.MyaccountTest" name="RegisteredUserCanChangePass" time="1.377"/>
  <system-out/>
</testsuite> <!-- tests.MyaccountTest -->
