<?xml version="1.0" encoding="UTF-8"?>
<!-- Generated by org.testng.reporters.JUnitReportReporter -->
<testsuite hostname="DESKTOP-AJ9TNH1" failures="0" tests="1" name="tests.ContactUsTest" time="1.032" errors="0" timestamp="2023-07-30T02:05:46 EET" skipped="0">
  <testcase classname="tests.ContactUsTest" name="OpenContactUs" time="1.032"/>
  <system-out/>
</testsuite> <!-- tests.ContactUsTest -->
