<?xml version="1.0" encoding="UTF-8"?>
<!-- Generated by org.testng.reporters.JUnitReportReporter -->
<testsuite hostname="DESKTOP-AJ9TNH1" failures="0" tests="1" name="tests.SearchProduct" time="0.893" errors="0" timestamp="2023-07-30T02:05:46 EET" skipped="0">
  <testcase classname="tests.SearchProduct" name="UsercanSearch" time="0.893"/>
  <system-out/>
</testsuite> <!-- tests.SearchProduct -->
