<?xml version="1.0" encoding="UTF-8"?>
<!-- Generated by org.testng.reporters.JUnitReportReporter -->
<testsuite hostname="DESKTOP-AJ9TNH1" failures="0" tests="5" name="tests.EmailProductToFriendTest" time="5.197" errors="0" timestamp="2023-07-30T02:05:46 EET" skipped="0">
  <testcase classname="tests.EmailProductToFriendTest" name="UserCanRegSucc" time="1.496"/>
  <system-out/>
  <testcase classname="tests.EmailProductToFriendTest" name="RegisteredUserCanLogin" time="1.182"/>
  <system-out/>
  <testcase classname="tests.EmailProductToFriendTest" name="UsercanSearch" time="0.901"/>
  <system-out/>
  <testcase classname="tests.EmailProductToFriendTest" name="RegisteredUserCanSendEmail" time="0.981"/>
  <system-out/>
  <testcase classname="tests.EmailProductToFriendTest" name="RegisteredUserCanLogout" time="0.637"/>
  <system-out/>
</testsuite> <!-- tests.EmailProductToFriendTest -->
